# JRE version: OpenJDK Runtime Environment Temurin-17.0.7+7 (17.0.7+7) (build 17.0.7+7)
# Java VM: OpenJDK 64-Bit Server VM Temurin-17.0.7+7 (17.0.7+7, mixed mode, sharing, tiered, compressed oops, compressed class ptrs, g1 gc, windows-amd64)
GC Precious Log:
 CPUs: 8 total, 8 available
 Memory: 8003M
 Large Page Support: Disabled
 NUMA Support: Disabled
 Compressed Oops: Enabled (Zero based)
 Heap Region Size: 2M
 Heap Min Capacity: 512M
 Heap Initial Capacity: 512M
 Heap Max Capacity: 4072M
 Pre-touch: Disabled
 Parallel Workers: 8
 Concurrent Workers: 2
 Concurrent Refinement Workers: 8
 Periodic GC: Disabled
 String Deduplication is enabled
Heap:
 garbage-first heap   total 524288K, used 118454K [0x0000000701800000, 0x0000000800000000)
  region size 2048K, 18 young (36864K), 1 survivors (2048K)
 Metaspace       used 91378K, committed 92032K, reserved 1179648K
  class space    used 12012K, committed 12480K, reserved 1048576K
GC Heap History (20 events):
Event: 11834.425 GC heap before
{Heap before GC invocations=354 (full 89):
 garbage-first heap   total 524288K, used 84769K [0x0000000701800000, 0x0000000800000000)
  region size 2048K, 1 young (2048K), 0 survivors (0K)
 Metaspace       used 91352K, committed 92032K, reserved 1179648K
  class space    used 12012K, committed 12480K, reserved 1048576K
}
Event: 11834.488 GC heap after
{Heap after GC invocations=355 (full 90):
 garbage-first heap   total 524288K, used 82702K [0x0000000701800000, 0x0000000800000000)
  region size 2048K, 0 young (0K), 0 survivors (0K)
 Metaspace       used 91352K, committed 92032K, reserved 1179648K
  class space    used 12012K, committed 12480K, reserved 1048576K
}
Event: 11843.332 GC heap before
{Heap before GC invocations=355 (full 90):
 garbage-first heap   total 524288K, used 148238K [0x0000000701800000, 0x0000000800000000)
  region size 2048K, 33 young (67584K), 0 survivors (0K)
 Metaspace       used 91358K, committed 92032K, reserved 1179648K
  class space    used 12012K, committed 12480K, reserved 1048576K
}
Event: 11843.396 GC heap after
{Heap after GC invocations=356 (full 91):
 garbage-first heap   total 524288K, used 82882K [0x0000000701800000, 0x0000000800000000)
  region size 2048K, 0 young (0K), 0 survivors (0K)
 Metaspace       used 91358K, committed 92032K, reserved 1179648K
  class space    used 12012K, committed 12480K, reserved 1048576K
}
Event: 11845.963 GC heap before
{Heap before GC invocations=356 (full 91):
 garbage-first heap   total 524288K, used 91074K [0x0000000701800000, 0x0000000800000000)
  region size 2048K, 3 young (6144K), 0 survivors (0K)
 Metaspace       used 91358K, committed 92032K, reserved 1179648K
  class space    used 12012K, committed 12480K, reserved 1048576K
}
Event: 11846.028 GC heap after
{Heap after GC invocations=357 (full 92):
 garbage-first heap   total 524288K, used 82830K [0x0000000701800000, 0x0000000800000000)
  region size 2048K, 0 young (0K), 0 survivors (0K)
 Metaspace       used 91358K, committed 92032K, reserved 1179648K
  class space    used 12012K, committed 12480K, reserved 1048576K
}
Event: 11855.293 GC heap before
{Heap before GC invocations=357 (full 92):
 garbage-first heap   total 524288K, used 93070K [0x0000000701800000, 0x0000000800000000)
  region size 2048K, 6 young (12288K), 0 survivors (0K)
 Metaspace       used 91358K, committed 92032K, reserved 1179648K
  class space    used 12012K, committed 12480K, reserved 1048576K
}
Event: 11855.355 GC heap after
{Heap after GC invocations=358 (full 93):
 garbage-first heap   total 524288K, used 82873K [0x0000000701800000, 0x0000000800000000)
  region size 2048K, 0 young (0K), 0 survivors (0K)
 Metaspace       used 91358K, committed 92032K, reserved 1179648K
  class space    used 12012K, committed 12480K, reserved 1048576K
}
Event: 11857.566 GC heap before
{Heap before GC invocations=358 (full 93):
 garbage-first heap   total 524288K, used 86969K [0x0000000701800000, 0x0000000800000000)
  region size 2048K, 2 young (4096K), 0 survivors (0K)
 Metaspace       used 91359K, committed 92032K, reserved 1179648K
  class space    used 12012K, committed 12480K, reserved 1048576K
}
Event: 11857.629 GC heap after
{Heap after GC invocations=359 (full 94):
 garbage-first heap   total 524288K, used 82572K [0x0000000701800000, 0x0000000800000000)
  region size 2048K, 0 young (0K), 0 survivors (0K)
 Metaspace       used 91359K, committed 92032K, reserved 1179648K
  class space    used 12012K, committed 12480K, reserved 1048576K
}
Event: 11857.842 GC heap before
{Heap before GC invocations=359 (full 94):
 garbage-first heap   total 524288K, used 82572K [0x0000000701800000, 0x0000000800000000)
  region size 2048K, 1 young (2048K), 0 survivors (0K)
 Metaspace       used 91359K, committed 92032K, reserved 1179648K
  class space    used 12012K, committed 12480K, reserved 1048576K
}
Event: 11857.905 GC heap after
{Heap after GC invocations=360 (full 95):
 garbage-first heap   total 524288K, used 82568K [0x0000000701800000, 0x0000000800000000)
  region size 2048K, 0 young (0K), 0 survivors (0K)
 Metaspace       used 91359K, committed 92032K, reserved 1179648K
  class space    used 12012K, committed 12480K, reserved 1048576K
}
Event: 11858.666 GC heap before
{Heap before GC invocations=360 (full 95):
 garbage-first heap   total 524288K, used 82568K [0x0000000701800000, 0x0000000800000000)
  region size 2048K, 1 young (2048K), 0 survivors (0K)
 Metaspace       used 91359K, committed 92032K, reserved 1179648K
  class space    used 12012K, committed 12480K, reserved 1048576K
}
Event: 11858.729 GC heap after
{Heap after GC invocations=361 (full 96):
 garbage-first heap   total 524288K, used 82570K [0x0000000701800000, 0x0000000800000000)
  region size 2048K, 0 young (0K), 0 survivors (0K)
 Metaspace       used 91359K, committed 92032K, reserved 1179648K
  class space    used 12012K, committed 12480K, reserved 1048576K
}
Event: 11876.604 GC heap before
{Heap before GC invocations=361 (full 96):
 garbage-first heap   total 524288K, used 166538K [0x0000000701800000, 0x0000000800000000)
  region size 2048K, 40 young (81920K), 0 survivors (0K)
 Metaspace       used 91361K, committed 92032K, reserved 1179648K
  class space    used 12012K, committed 12480K, reserved 1048576K
}
Event: 11876.606 GC heap after
{Heap after GC invocations=362 (full 96):
 garbage-first heap   total 524288K, used 85178K [0x0000000701800000, 0x0000000800000000)
  region size 2048K, 1 young (2048K), 1 survivors (2048K)
 Metaspace       used 91361K, committed 92032K, reserved 1179648K
  class space    used 12012K, committed 12480K, reserved 1048576K
}
Event: 11897.123 GC heap before
{Heap before GC invocations=362 (full 96):
 garbage-first heap   total 524288K, used 165050K [0x0000000701800000, 0x0000000800000000)
  region size 2048K, 40 young (81920K), 1 survivors (2048K)
 Metaspace       used 91370K, committed 92032K, reserved 1179648K
  class space    used 12012K, committed 12480K, reserved 1048576K
}
Event: 11897.125 GC heap after
{Heap after GC invocations=363 (full 96):
 garbage-first heap   total 524288K, used 85026K [0x0000000701800000, 0x0000000800000000)
  region size 2048K, 1 young (2048K), 1 survivors (2048K)
 Metaspace       used 91370K, committed 92032K, reserved 1179648K
  class space    used 12012K, committed 12480K, reserved 1048576K
}
Event: 11903.693 GC heap before
{Heap before GC invocations=363 (full 96):
 garbage-first heap   total 524288K, used 164898K [0x0000000701800000, 0x0000000800000000)
  region size 2048K, 40 young (81920K), 1 survivors (2048K)
 Metaspace       used 91377K, committed 92032K, reserved 1179648K
  class space    used 12012K, committed 12480K, reserved 1048576K
}
Event: 11903.695 GC heap after
{Heap after GC invocations=364 (full 96):
 garbage-first heap   total 524288K, used 85686K [0x0000000701800000, 0x0000000800000000)
  region size 2048K, 1 young (2048K), 1 survivors (2048K)
 Metaspace       used 91377K, committed 92032K, reserved 1179648K
  class space    used 12012K, committed 12480K, reserved 1048576K
}

