# JRE version: OpenJDK Runtime Environment Temurin-17.0.7+7 (17.0.7+7) (build 17.0.7+7)
# Java VM: OpenJDK 64-Bit Server VM Temurin-17.0.7+7 (17.0.7+7, mixed mode, sharing, tiered, compressed oops, compressed class ptrs, g1 gc, windows-amd64)
GC Precious Log:
 CPUs: 8 total, 8 available
 Memory: 8003M
 Large Page Support: Disabled
 NUMA Support: Disabled
 Compressed Oops: Enabled (Zero based)
 Heap Region Size: 2M
 Heap Min Capacity: 512M
 Heap Initial Capacity: 512M
 Heap Max Capacity: 4072M
 Pre-touch: Disabled
 Parallel Workers: 8
 Concurrent Workers: 2
 Concurrent Refinement Workers: 8
 Periodic GC: Disabled
 String Deduplication is enabled
Heap:
 garbage-first heap   total 524288K, used 137394K [0x0000000701800000, 0x0000000800000000)
  region size 2048K, 20 young (40960K), 0 survivors (0K)
 Metaspace       used 101528K, committed 102272K, reserved 1179648K
  class space    used 14346K, committed 14720K, reserved 1048576K
GC Heap History (20 events):
Event: 3596.228 GC heap before
{Heap before GC invocations=248 (full 102):
 garbage-first heap   total 524288K, used 146140K [0x0000000701800000, 0x0000000800000000)
  region size 2048K, 25 young (51200K), 1 survivors (2048K)
 Metaspace       used 101469K, committed 102208K, reserved 1179648K
  class space    used 14346K, committed 14720K, reserved 1048576K
}
Event: 3596.288 GC heap after
{Heap after GC invocations=249 (full 103):
 garbage-first heap   total 524288K, used 98479K [0x0000000701800000, 0x0000000800000000)
  region size 2048K, 0 young (0K), 0 survivors (0K)
 Metaspace       used 101469K, committed 102208K, reserved 1179648K
  class space    used 14346K, committed 14720K, reserved 1048576K
}
Event: 3597.869 GC heap before
{Heap before GC invocations=249 (full 103):
 garbage-first heap   total 524288K, used 116911K [0x0000000701800000, 0x0000000800000000)
  region size 2048K, 8 young (16384K), 0 survivors (0K)
 Metaspace       used 101471K, committed 102208K, reserved 1179648K
  class space    used 14346K, committed 14720K, reserved 1048576K
}
Event: 3597.930 GC heap after
{Heap after GC invocations=250 (full 104):
 garbage-first heap   total 524288K, used 98447K [0x0000000701800000, 0x0000000800000000)
  region size 2048K, 0 young (0K), 0 survivors (0K)
 Metaspace       used 101471K, committed 102208K, reserved 1179648K
  class space    used 14346K, committed 14720K, reserved 1048576K
}
Event: 3598.607 GC heap before
{Heap before GC invocations=250 (full 104):
 garbage-first heap   total 524288K, used 106639K [0x0000000701800000, 0x0000000800000000)
  region size 2048K, 2 young (4096K), 0 survivors (0K)
 Metaspace       used 101471K, committed 102208K, reserved 1179648K
  class space    used 14346K, committed 14720K, reserved 1048576K
}
Event: 3598.668 GC heap after
{Heap after GC invocations=251 (full 105):
 garbage-first heap   total 524288K, used 98417K [0x0000000701800000, 0x0000000800000000)
  region size 2048K, 0 young (0K), 0 survivors (0K)
 Metaspace       used 101471K, committed 102208K, reserved 1179648K
  class space    used 14346K, committed 14720K, reserved 1048576K
}
Event: 3602.306 GC heap before
{Heap before GC invocations=251 (full 105):
 garbage-first heap   total 524288K, used 104561K [0x0000000701800000, 0x0000000800000000)
  region size 2048K, 3 young (6144K), 0 survivors (0K)
 Metaspace       used 101471K, committed 102208K, reserved 1179648K
  class space    used 14346K, committed 14720K, reserved 1048576K
}
Event: 3602.366 GC heap after
{Heap after GC invocations=252 (full 106):
 garbage-first heap   total 524288K, used 98432K [0x0000000701800000, 0x0000000800000000)
  region size 2048K, 0 young (0K), 0 survivors (0K)
 Metaspace       used 101471K, committed 102208K, reserved 1179648K
  class space    used 14346K, committed 14720K, reserved 1048576K
}
Event: 3638.004 GC heap before
{Heap before GC invocations=252 (full 106):
 garbage-first heap   total 524288K, used 180352K [0x0000000701800000, 0x0000000800000000)
  region size 2048K, 40 young (81920K), 0 survivors (0K)
 Metaspace       used 101514K, committed 102272K, reserved 1179648K
  class space    used 14346K, committed 14720K, reserved 1048576K
}
Event: 3638.008 GC heap after
{Heap after GC invocations=253 (full 106):
 garbage-first heap   total 524288K, used 98906K [0x0000000701800000, 0x0000000800000000)
  region size 2048K, 1 young (2048K), 1 survivors (2048K)
 Metaspace       used 101514K, committed 102272K, reserved 1179648K
  class space    used 14346K, committed 14720K, reserved 1048576K
}
Event: 3643.683 GC heap before
{Heap before GC invocations=253 (full 106):
 garbage-first heap   total 524288K, used 105050K [0x0000000701800000, 0x0000000800000000)
  region size 2048K, 5 young (10240K), 1 survivors (2048K)
 Metaspace       used 101515K, committed 102272K, reserved 1179648K
  class space    used 14346K, committed 14720K, reserved 1048576K
}
Event: 3643.742 GC heap after
{Heap after GC invocations=254 (full 107):
 garbage-first heap   total 524288K, used 98444K [0x0000000701800000, 0x0000000800000000)
  region size 2048K, 0 young (0K), 0 survivors (0K)
 Metaspace       used 101515K, committed 102272K, reserved 1179648K
  class space    used 14346K, committed 14720K, reserved 1048576K
}
Event: 3657.342 GC heap before
{Heap before GC invocations=254 (full 107):
 garbage-first heap   total 524288K, used 180364K [0x0000000701800000, 0x0000000800000000)
  region size 2048K, 40 young (81920K), 0 survivors (0K)
 Metaspace       used 101519K, committed 102272K, reserved 1179648K
  class space    used 14346K, committed 14720K, reserved 1048576K
}
Event: 3657.344 GC heap after
{Heap after GC invocations=255 (full 107):
 garbage-first heap   total 524288K, used 98922K [0x0000000701800000, 0x0000000800000000)
  region size 2048K, 1 young (2048K), 1 survivors (2048K)
 Metaspace       used 101519K, committed 102272K, reserved 1179648K
  class space    used 14346K, committed 14720K, reserved 1048576K
}
Event: 3661.311 GC heap before
{Heap before GC invocations=255 (full 107):
 garbage-first heap   total 524288K, used 178794K [0x0000000701800000, 0x0000000800000000)
  region size 2048K, 40 young (81920K), 1 survivors (2048K)
 Metaspace       used 101519K, committed 102272K, reserved 1179648K
  class space    used 14346K, committed 14720K, reserved 1048576K
}
Event: 3661.316 GC heap after
{Heap after GC invocations=256 (full 107):
 garbage-first heap   total 524288K, used 99009K [0x0000000701800000, 0x0000000800000000)
  region size 2048K, 1 young (2048K), 1 survivors (2048K)
 Metaspace       used 101519K, committed 102272K, reserved 1179648K
  class space    used 14346K, committed 14720K, reserved 1048576K
}
Event: 3670.207 GC heap before
{Heap before GC invocations=256 (full 107):
 garbage-first heap   total 524288K, used 178881K [0x0000000701800000, 0x0000000800000000)
  region size 2048K, 40 young (81920K), 1 survivors (2048K)
 Metaspace       used 101527K, committed 102272K, reserved 1179648K
  class space    used 14346K, committed 14720K, reserved 1048576K
}
Event: 3670.209 GC heap after
{Heap after GC invocations=257 (full 107):
 garbage-first heap   total 524288K, used 99014K [0x0000000701800000, 0x0000000800000000)
  region size 2048K, 1 young (2048K), 1 survivors (2048K)
 Metaspace       used 101527K, committed 102272K, reserved 1179648K
  class space    used 14346K, committed 14720K, reserved 1048576K
}
Event: 3676.196 GC heap before
{Heap before GC invocations=257 (full 107):
 garbage-first heap   total 524288K, used 150214K [0x0000000701800000, 0x0000000800000000)
  region size 2048K, 27 young (55296K), 1 survivors (2048K)
 Metaspace       used 101528K, committed 102272K, reserved 1179648K
  class space    used 14346K, committed 14720K, reserved 1048576K
}
Event: 3676.255 GC heap after
{Heap after GC invocations=258 (full 108):
 garbage-first heap   total 524288K, used 98482K [0x0000000701800000, 0x0000000800000000)
  region size 2048K, 0 young (0K), 0 survivors (0K)
 Metaspace       used 101528K, committed 102272K, reserved 1179648K
  class space    used 14346K, committed 14720K, reserved 1048576K
}

